<?xml version="1.0" encoding="UTF-8"?>
<!-- Generated by org.testng.reporters.JUnitReportReporter -->
<testsuite hostname="LAPTOP-GEKAL74R" failures="0" tests="1" name="org.test.TC_001_AccountRegistrationTest" time="2.086" errors="0" timestamp="2025-03-05T11:23:37 IST" skipped="0">
  <testcase classname="org.test.TC_001_AccountRegistrationTest" name="verify_account_registration" time="2.086"/>
</testsuite> <!-- org.test.TC_001_AccountRegistrationTest -->
