<?xml version="1.0" encoding="UTF-8"?>
<!-- Generated by org.testng.reporters.JUnitReportReporter -->
<testsuite hostname="LAPTOP-GEKAL74R" failures="0" tests="1" name="org.test.TC_001_AccountRegistrationTest" time="1.835" errors="0" timestamp="2025-03-08T11:00:00 IST" skipped="0">
  <testcase classname="org.test.TC_001_AccountRegistrationTest" name="verify_account_registration" time="1.835"/>
</testsuite> <!-- org.test.TC_001_AccountRegistrationTest -->
