<?xml version="1.0" encoding="UTF-8"?>
<!-- Generated by org.testng.reporters.JUnitReportReporter -->
<testsuite hostname="LAPTOP-GEKAL74R" failures="0" tests="1" name="org.test.TC_002_LoginTest" time="1.812" errors="0" timestamp="2025-03-08T11:00:00 IST" skipped="0">
  <testcase classname="org.test.TC_002_LoginTest" name="verify_login" time="1.812"/>
</testsuite> <!-- org.test.TC_002_LoginTest -->
